Begin parsing... programs/castimplicit.cpp

Program (abstract syntax): 
  Declarations: 
    Declarations = {<n, int>, <i, int>, <f, float>}
  Block: 
    Assignment: 
      Variable: n
      IntValue: 3
    Assignment: 
      Variable: i
      IntValue: 0
    Assignment: 
      Variable: f
      FloatValue: 1.0
    Loop: 
      Binary: 
        Operator: <
        Variable: i
        Variable: n
      Block: 
        Assignment: 
          Variable: i
          Binary: 
            Operator: +
            Variable: i
            IntValue: 1
        Assignment: 
          Variable: f
          Binary: 
            Operator: *
            Variable: f
            Variable: i

Begin type checking...programs/castimplicit.cpp

Type map:
{ <i, int>, <f, float>, <n, int> }
type error for *
